<?xml version="1.0" encoding="UTF-8"?>
<!-- Generated by org.testng.reporters.JUnitXMLReporter -->
<testsuite ignored="0" hostname="RITHIKA_13" failures="0" tests="5" name="Test" time="63.965" errors="0" timestamp="2025-07-19T10:31:40 IST">
  <testcase classname="Base_Programs1.TC01_JOBS" name="TEST" time="13.5"/>
  <testcase classname="Base_Programs1.TC01_LICEENSE" name="TEST" time="14.617"/>
  <testcase classname="Base_Programs1.TC01_NATION" name="TEST" time="11.818"/>
  <testcase classname="Base_Programs1.TC01_EDU" name="TEST" time="11.993"/>
  <testcase classname="Base_Programs1.TC01_SKILLS" name="TEST" time="11.966"/>
</testsuite> <!-- Test -->
