<?xml version="1.0" encoding="UTF-8"?>
<!-- Generated by org.testng.reporters.JUnitXMLReporter -->
<testsuite ignored="2" hostname="RITHIKA_13" failures="0" tests="3" name="Test" time="19.747" errors="0" timestamp="2025-07-19T11:32:01 IST">
  <testcase classname="Base_Programs1.TC01_LICEENSE" name="TEST" time="16.951"/>
  <testcase classname="Base_Programs1.TC01_NATION" name="TEST" time="17.596"/>
  <testcase classname="Base_Programs1.TC01_SKILLS" name="TEST" time="19.72"/>
  <testcase classname="Base_Programs1.TC01_EDU" name="TEST" time="0.0">
    <ignored/>
  </testcase> <!-- TEST -->
  <testcase classname="Base_Programs1.TC01_JOBS" name="TEST" time="0.0">
    <ignored/>
  </testcase> <!-- TEST -->
</testsuite> <!-- Test -->
